Determining if the pthread_create exist failed with the following output:
Change Dir: /home/cse/catkin_ws/build/CMakeFiles/CMakeTmp

Run Build Command:/usr/bin/make "cmTryCompileExec4276800245/fast"
/usr/bin/make -f CMakeFiles/cmTryCompileExec4276800245.dir/build.make CMakeFiles/cmTryCompileExec4276800245.dir/build
make[1]: Entering directory `/home/cse/catkin_ws/build/CMakeFiles/CMakeTmp'
/usr/bin/cmake -E cmake_progress_report /home/cse/catkin_ws/build/CMakeFiles/CMakeTmp/CMakeFiles 1
Building C object CMakeFiles/cmTryCompileExec4276800245.dir/CheckSymbolExists.c.o
/usr/bin/cc    -o CMakeFiles/cmTryCompileExec4276800245.dir/CheckSymbolExists.c.o   -c /home/cse/catkin_ws/build/CMakeFiles/CMakeTmp/CheckSymbolExists.c
Linking C executable cmTryCompileExec4276800245
/usr/bin/cmake -E cmake_link_script CMakeFiles/cmTryCompileExec4276800245.dir/link.txt --verbose=1
/usr/bin/cc       CMakeFiles/cmTryCompileExec4276800245.dir/CheckSymbolExists.c.o  -o cmTryCompileExec4276800245 -rdynamic 
CMakeFiles/cmTryCompileExec4276800245.dir/CheckSymbolExists.c.o: In function `main':
CheckSymbolExists.c:(.text+0x16): undefined reference to `pthread_create'
collect2: error: ld returned 1 exit status
make[1]: *** [cmTryCompileExec4276800245] Error 1
make[1]: Leaving directory `/home/cse/catkin_ws/build/CMakeFiles/CMakeTmp'
make: *** [cmTryCompileExec4276800245/fast] Error 2

File /home/cse/catkin_ws/build/CMakeFiles/CMakeTmp/CheckSymbolExists.c:
/* */
#include <pthread.h>

int main(int argc, char** argv)
{
  (void)argv;
#ifndef pthread_create
  return ((int*)(&pthread_create))[argc];
#else
  (void)argc;
  return 0;
#endif
}

Determining if the function pthread_create exists in the pthreads failed with the following output:
Change Dir: /home/cse/catkin_ws/build/CMakeFiles/CMakeTmp

Run Build Command:/usr/bin/make "cmTryCompileExec1922367840/fast"
/usr/bin/make -f CMakeFiles/cmTryCompileExec1922367840.dir/build.make CMakeFiles/cmTryCompileExec1922367840.dir/build
make[1]: Entering directory `/home/cse/catkin_ws/build/CMakeFiles/CMakeTmp'
/usr/bin/cmake -E cmake_progress_report /home/cse/catkin_ws/build/CMakeFiles/CMakeTmp/CMakeFiles 1
Building C object CMakeFiles/cmTryCompileExec1922367840.dir/CheckFunctionExists.c.o
/usr/bin/cc   -DCHECK_FUNCTION_EXISTS=pthread_create   -o CMakeFiles/cmTryCompileExec1922367840.dir/CheckFunctionExists.c.o   -c /usr/share/cmake-2.8/Modules/CheckFunctionExists.c
Linking C executable cmTryCompileExec1922367840
/usr/bin/cmake -E cmake_link_script CMakeFiles/cmTryCompileExec1922367840.dir/link.txt --verbose=1
/usr/bin/cc   -DCHECK_FUNCTION_EXISTS=pthread_create    CMakeFiles/cmTryCompileExec1922367840.dir/CheckFunctionExists.c.o  -o cmTryCompileExec1922367840 -rdynamic -lpthreads 
/usr/bin/ld: cannot find -lpthreads
collect2: error: ld returned 1 exit status
make[1]: *** [cmTryCompileExec1922367840] Error 1
make[1]: Leaving directory `/home/cse/catkin_ws/build/CMakeFiles/CMakeTmp'
make: *** [cmTryCompileExec1922367840/fast] Error 2


